<?xml version="1.0" encoding="UTF-8"?>
<!-- Generated by org.testng.reporters.JUnitReportReporter -->
<testsuite hostname="DESKTOP-MR09HO5" failures="0" tests="2" name="Academy.HomePage" time="24.492" errors="0" timestamp="2024-10-30T21:39:28 IST" skipped="0">
  <testcase classname="Academy.HomePage" name="basePageNavigation" time="8.620"/>
  <system-out/>
  <testcase classname="Academy.HomePage" name="basePageNavigation" time="15.872"/>
  <system-out/>
</testsuite> <!-- Academy.HomePage -->
