<?xml version="1.0" encoding="UTF-8"?>
<!-- Generated by org.testng.reporters.JUnitReportReporter -->
<testsuite hostname="DESKTOP-MR09HO5" failures="0" tests="2" name="Academy.HomePage" time="16.612" errors="0" timestamp="2024-10-29T22:22:46 IST" skipped="0">
  <testcase classname="Academy.HomePage" name="basePageNavigation" time="8.636"/>
  <system-out/>
  <testcase classname="Academy.HomePage" name="basePageNavigation" time="7.976"/>
  <system-out/>
</testsuite> <!-- Academy.HomePage -->
